<?xml version="1.0" encoding="UTF-8"?>
<testsuite name="com.nhlstenden.booktopia.BooktopiaApplicationTests" tests="1" skipped="0" failures="0" errors="0" timestamp="2025-03-27T22:51:55" hostname="derGerat2.home" time="0.328">
  <properties/>
  <testcase name="contextLoads()" classname="com.nhlstenden.booktopia.BooktopiaApplicationTests" time="0.328"/>
  <system-out><![CDATA[23:51:54.528 [Test worker] INFO org.springframework.test.context.support.AnnotationConfigContextLoaderUtils -- Could not detect default configuration classes for test class [com.nhlstenden.booktopia.BooktopiaApplicationTests]: BooktopiaApplicationTests does not declare any static, non-private, non-final, nested classes annotated with @Configuration.
23:51:54.566 [Test worker] INFO org.springframework.boot.test.context.SpringBootTestContextBootstrapper -- Found @SpringBootConfiguration com.nhlstenden.booktopia.BooktopiaApplication for test class com.nhlstenden.booktopia.BooktopiaApplicationTests

  .   ____          _            __ _ _
 /\\ / ___'_ __ _ _(_)_ __  __ _ \ \ \ \
( ( )\___ | '_ | '_| | '_ \/ _` | \ \ \ \
 \\/  ___)| |_)| | | | | || (_| |  ) ) ) )
  '  |____| .__|_| |_|_| |_\__, | / / / /
 =========|_|==============|___/=/_/_/_/

 :: Spring Boot ::                (v3.4.3)

2025-03-27T23:51:54.703+01:00  WARN 90428 --- [booktopia] [    Test worker] ory$DuplicateJsonObjectContextCustomizer : 

Found multiple occurrences of org.json.JSONObject on the class path:

	jar:file:/Users/jerry/.gradle/caches/modules-2/files-2.1/org.json/json/20210307/528c8df3757e8bcf151817b1d7b9b434f6aa08d5/json-20210307.jar!/org/json/JSONObject.class
	jar:file:/Users/jerry/.gradle/caches/modules-2/files-2.1/com.vaadin.external.google/android-json/0.0.20131108.vaadin1/fa26d351fe62a6a17f5cda1287c1c6110dec413f/android-json-0.0.20131108.vaadin1.jar!/org/json/JSONObject.class

You may wish to exclude one of them to ensure predictable runtime behavior

2025-03-27T23:51:54.708+01:00  INFO 90428 --- [booktopia] [    Test worker] c.n.booktopia.BooktopiaApplicationTests  : Starting BooktopiaApplicationTests using Java 21.0.6 with PID 90428 (started by jerry in /Users/jerry/Library/CloudStorage/ProtonDrive-joeykramer@protonmail.com-folder/NHLStenden/Year 3/semester_2/algorithmic_programming/ap/backend)
2025-03-27T23:51:54.708+01:00  INFO 90428 --- [booktopia] [    Test worker] c.n.booktopia.BooktopiaApplicationTests  : No active profile set, falling back to 1 default profile: "default"
2025-03-27T23:51:54.915+01:00  INFO 90428 --- [booktopia] [    Test worker] .s.d.r.c.RepositoryConfigurationDelegate : Bootstrapping Spring Data JPA repositories in DEFAULT mode.
2025-03-27T23:51:54.924+01:00  INFO 90428 --- [booktopia] [    Test worker] .s.d.r.c.RepositoryConfigurationDelegate : Finished Spring Data repository scanning in 5 ms. Found 0 JPA repository interfaces.
2025-03-27T23:51:55.065+01:00  INFO 90428 --- [booktopia] [    Test worker] o.hibernate.jpa.internal.util.LogHelper  : HHH000204: Processing PersistenceUnitInfo [name: default]
2025-03-27T23:51:55.082+01:00  INFO 90428 --- [booktopia] [    Test worker] org.hibernate.Version                    : HHH000412: Hibernate ORM core version 6.6.8.Final
2025-03-27T23:51:55.093+01:00  INFO 90428 --- [booktopia] [    Test worker] o.h.c.internal.RegionFactoryInitiator    : HHH000026: Second-level cache disabled
2025-03-27T23:51:55.190+01:00  INFO 90428 --- [booktopia] [    Test worker] o.s.o.j.p.SpringPersistenceUnitInfo      : No LoadTimeWeaver setup: ignoring JPA class transformer
2025-03-27T23:51:55.201+01:00  INFO 90428 --- [booktopia] [    Test worker] com.zaxxer.hikari.HikariDataSource       : HikariPool-1 - Starting...
2025-03-27T23:51:55.463+01:00  INFO 90428 --- [booktopia] [    Test worker] com.zaxxer.hikari.pool.HikariPool        : HikariPool-1 - Added connection org.postgresql.jdbc.PgConnection@6caeba36
2025-03-27T23:51:55.463+01:00  INFO 90428 --- [booktopia] [    Test worker] com.zaxxer.hikari.HikariDataSource       : HikariPool-1 - Start completed.
2025-03-27T23:51:55.585+01:00  INFO 90428 --- [booktopia] [    Test worker] org.hibernate.orm.connections.pooling    : HHH10001005: Database info:
	Database JDBC URL [Connecting through datasource 'HikariDataSource (HikariPool-1)']
	Database driver: undefined/unknown
	Database version: 17.4
	Autocommit mode: undefined/unknown
	Isolation level: undefined/unknown
	Minimum pool size: undefined/unknown
	Maximum pool size: undefined/unknown
2025-03-27T23:51:55.715+01:00  INFO 90428 --- [booktopia] [    Test worker] o.h.e.t.j.p.i.JtaPlatformInitiator       : HHH000489: No JTA platform available (set 'hibernate.transaction.jta.platform' to enable JTA platform integration)
2025-03-27T23:51:55.717+01:00  INFO 90428 --- [booktopia] [    Test worker] j.LocalContainerEntityManagerFactoryBean : Initialized JPA EntityManagerFactory for persistence unit 'default'
2025-03-27T23:51:55.774+01:00  WARN 90428 --- [booktopia] [    Test worker] JpaBaseConfiguration$JpaWebConfiguration : spring.jpa.open-in-view is enabled by default. Therefore, database queries may be performed during view rendering. Explicitly configure spring.jpa.open-in-view to disable this warning
2025-03-27T23:51:55.926+01:00  INFO 90428 --- [booktopia] [    Test worker] c.n.booktopia.BooktopiaApplicationTests  : Started BooktopiaApplicationTests in 1.313 seconds (process running for 1.765)
]]></system-out>
  <system-err><![CDATA[Mockito is currently self-attaching to enable the inline-mock-maker. This will no longer work in future releases of the JDK. Please add Mockito as an agent to your build what is described in Mockito's documentation: https://javadoc.io/doc/org.mockito/mockito-core/latest/org/mockito/Mockito.html#0.3
WARNING: A Java agent has been loaded dynamically (/Users/jerry/.gradle/caches/modules-2/files-2.1/net.bytebuddy/byte-buddy-agent/1.15.11/a38b16385e867f59a641330f0362ebe742788ed8/byte-buddy-agent-1.15.11.jar)
WARNING: If a serviceability tool is in use, please run with -XX:+EnableDynamicAgentLoading to hide this warning
WARNING: If a serviceability tool is not in use, please run with -Djdk.instrument.traceUsage for more information
WARNING: Dynamic loading of agents will be disallowed by default in a future release
]]></system-err>
</testsuite>
